[Sat Apr  5 10:00:01 AM EEST 2025] Checking for port scan activity...
[Sat Apr  5 10:00:01 AM EEST 2025] No port scan activity detected.
[Sat Apr  5 10:15:01 AM EEST 2025] Checking for port scan activity...
[Sat Apr  5 10:15:01 AM EEST 2025] No port scan activity detected.
[Sat Apr  5 10:30:01 AM EEST 2025] Checking for port scan activity...
[Sat Apr  5 10:30:01 AM EEST 2025] No port scan activity detected.
[Sat Apr  5 10:45:01 AM EEST 2025] Checking for port scan activity...
[Sat Apr  5 10:45:01 AM EEST 2025] No port scan activity detected.
[Sat Apr  5 11:00:01 AM EEST 2025] Checking for port scan activity...
[Sat Apr  5 11:00:01 AM EEST 2025] No port scan activity detected.
[Sat Apr  5 11:15:01 AM EEST 2025] Checking for port scan activity...
[Sat Apr  5 11:15:01 AM EEST 2025] No port scan activity detected.
[Sat Apr  5 11:30:01 AM EEST 2025] Checking for port scan activity...
[Sat Apr  5 11:30:01 AM EEST 2025] No port scan activity detected.
[Sat Apr  5 11:45:01 AM EEST 2025] Checking for port scan activity...
[Sat Apr  5 11:45:01 AM EEST 2025] No port scan activity detected.
[Sat Apr  5 12:00:01 PM EEST 2025] Checking for port scan activity...
[Sat Apr  5 12:00:01 PM EEST 2025] No port scan activity detected.
[Sat Apr  5 12:15:01 PM EEST 2025] Checking for port scan activity...
[Sat Apr  5 12:15:01 PM EEST 2025] No port scan activity detected.
[Sat Apr  5 12:30:01 PM EEST 2025] Checking for port scan activity...
[Sat Apr  5 12:30:01 PM EEST 2025] No port scan activity detected.
[Sat Apr  5 12:45:02 PM EEST 2025] Checking for port scan activity...
[Sat Apr  5 12:45:02 PM EEST 2025] No port scan activity detected.
[Sat Apr  5 01:00:01 PM EEST 2025] Checking for port scan activity...
[Sat Apr  5 01:00:01 PM EEST 2025] No port scan activity detected.
[Sat Apr  5 01:15:01 PM EEST 2025] Checking for port scan activity...
[Sat Apr  5 01:15:01 PM EEST 2025] No port scan activity detected.
[Sat Apr  5 01:30:01 PM EEST 2025] Checking for port scan activity...
[Sat Apr  5 01:30:01 PM EEST 2025] No port scan activity detected.
[Sat Apr  5 01:45:01 PM EEST 2025] Checking for port scan activity...
[Sat Apr  5 01:45:01 PM EEST 2025] No port scan activity detected.
[Sat Apr  5 02:00:01 PM EEST 2025] Checking for port scan activity...
[Sat Apr  5 02:00:01 PM EEST 2025] No port scan activity detected.
[Sat Apr  5 02:15:01 PM EEST 2025] Checking for port scan activity...
[Sat Apr  5 02:15:01 PM EEST 2025] No port scan activity detected.
[Sat Apr  5 02:30:01 PM EEST 2025] Checking for port scan activity...
[Sat Apr  5 02:30:01 PM EEST 2025] No port scan activity detected.
[Sat Apr  5 02:45:01 PM EEST 2025] Checking for port scan activity...
[Sat Apr  5 02:45:01 PM EEST 2025] No port scan activity detected.
[Sat Apr  5 03:00:01 PM EEST 2025] Checking for port scan activity...
[Sat Apr  5 03:00:01 PM EEST 2025] No port scan activity detected.
[Sat Apr  5 03:15:01 PM EEST 2025] Checking for port scan activity...
[Sat Apr  5 03:15:01 PM EEST 2025] No port scan activity detected.
[Sat Apr  5 03:30:01 PM EEST 2025] Checking for port scan activity...
[Sat Apr  5 03:30:01 PM EEST 2025] No port scan activity detected.
[Sat Apr  5 03:45:01 PM EEST 2025] Checking for port scan activity...
[Sat Apr  5 03:45:01 PM EEST 2025] No port scan activity detected.
[Sat Apr  5 04:00:01 PM EEST 2025] Checking for port scan activity...
[Sat Apr  5 04:00:01 PM EEST 2025] No port scan activity detected.
[Sat Apr  5 04:15:01 PM EEST 2025] Checking for port scan activity...
[Sat Apr  5 04:15:01 PM EEST 2025] No port scan activity detected.
[Sat Apr  5 04:30:01 PM EEST 2025] Checking for port scan activity...
[Sat Apr  5 04:30:01 PM EEST 2025] No port scan activity detected.
[Sat Apr  5 04:45:01 PM EEST 2025] Checking for port scan activity...
[Sat Apr  5 04:45:01 PM EEST 2025] No port scan activity detected.
[Sat Apr  5 05:00:01 PM EEST 2025] Checking for port scan activity...
[Sat Apr  5 05:00:01 PM EEST 2025] No port scan activity detected.
[Sat Apr  5 05:15:01 PM EEST 2025] Checking for port scan activity...
[Sat Apr  5 05:15:01 PM EEST 2025] No port scan activity detected.
[Sat Apr  5 05:30:01 PM EEST 2025] Checking for port scan activity...
[Sat Apr  5 05:30:01 PM EEST 2025] No port scan activity detected.
[Sat Apr  5 05:45:01 PM EEST 2025] Checking for port scan activity...
[Sat Apr  5 05:45:01 PM EEST 2025] No port scan activity detected.
[Sat Apr  5 06:00:01 PM EEST 2025] Checking for port scan activity...
[Sat Apr  5 06:00:01 PM EEST 2025] No port scan activity detected.
[Sat Apr  5 06:15:01 PM EEST 2025] Checking for port scan activity...
[Sat Apr  5 06:15:01 PM EEST 2025] No port scan activity detected.
[Sat Apr  5 06:30:01 PM EEST 2025] Checking for port scan activity...
[Sat Apr  5 06:30:01 PM EEST 2025] No port scan activity detected.
[Sat Apr  5 06:45:01 PM EEST 2025] Checking for port scan activity...
[Sat Apr  5 06:45:01 PM EEST 2025] No port scan activity detected.
[Sat Apr  5 07:00:01 PM EEST 2025] Checking for port scan activity...
[Sat Apr  5 07:00:01 PM EEST 2025] No port scan activity detected.
[Sat Apr  5 07:15:01 PM EEST 2025] Checking for port scan activity...
[Sat Apr  5 07:15:01 PM EEST 2025] No port scan activity detected.
[Sat Apr  5 07:30:01 PM EEST 2025] Checking for port scan activity...
[Sat Apr  5 07:30:01 PM EEST 2025] No port scan activity detected.
[Sat Apr  5 07:45:01 PM EEST 2025] Checking for port scan activity...
[Sat Apr  5 07:45:01 PM EEST 2025] No port scan activity detected.
[Sat Apr  5 08:00:01 PM EEST 2025] Checking for port scan activity...
[Sat Apr  5 08:00:01 PM EEST 2025] No port scan activity detected.
[Sat Apr  5 08:15:01 PM EEST 2025] Checking for port scan activity...
[Sat Apr  5 08:15:01 PM EEST 2025] No port scan activity detected.
[Sat Apr  5 08:30:01 PM EEST 2025] Checking for port scan activity...
[Sat Apr  5 08:30:02 PM EEST 2025] No port scan activity detected.
[Sat Apr  5 08:45:01 PM EEST 2025] Checking for port scan activity...
[Sat Apr  5 08:45:01 PM EEST 2025] No port scan activity detected.
[Sat Apr  5 09:00:01 PM EEST 2025] Checking for port scan activity...
[Sat Apr  5 09:00:01 PM EEST 2025] No port scan activity detected.
[Sat Apr  5 09:15:01 PM EEST 2025] Checking for port scan activity...
[Sat Apr  5 09:15:01 PM EEST 2025] No port scan activity detected.
[Sat Apr  5 09:30:01 PM EEST 2025] Checking for port scan activity...
[Sat Apr  5 09:30:01 PM EEST 2025] No port scan activity detected.
[Sat Apr  5 09:45:01 PM EEST 2025] Checking for port scan activity...
[Sat Apr  5 09:45:01 PM EEST 2025] No port scan activity detected.
[Sat Apr  5 10:00:01 PM EEST 2025] Checking for port scan activity...
[Sat Apr  5 10:00:01 PM EEST 2025] No port scan activity detected.
[Sat Apr  5 10:15:01 PM EEST 2025] Checking for port scan activity...
[Sat Apr  5 10:15:01 PM EEST 2025] No port scan activity detected.
[Sat Apr  5 10:30:01 PM EEST 2025] Checking for port scan activity...
[Sat Apr  5 10:30:01 PM EEST 2025] No port scan activity detected.
[Sat Apr  5 10:45:01 PM EEST 2025] Checking for port scan activity...
[Sat Apr  5 10:45:01 PM EEST 2025] No port scan activity detected.
[Sat Apr  5 11:00:01 PM EEST 2025] Checking for port scan activity...
[Sat Apr  5 11:00:01 PM EEST 2025] No port scan activity detected.
[Sat Apr  5 11:15:01 PM EEST 2025] Checking for port scan activity...
[Sat Apr  5 11:15:01 PM EEST 2025] No port scan activity detected.
[Sat Apr  5 11:30:01 PM EEST 2025] Checking for port scan activity...
[Sat Apr  5 11:30:01 PM EEST 2025] No port scan activity detected.
[Sat Apr  5 11:45:01 PM EEST 2025] Checking for port scan activity...
[Sat Apr  5 11:45:01 PM EEST 2025] No port scan activity detected.
[Sun Apr  6 12:00:01 AM EEST 2025] Checking for port scan activity...
[Sun Apr  6 12:00:01 AM EEST 2025] No port scan activity detected.
[Sun Apr  6 12:15:01 AM EEST 2025] Checking for port scan activity...
[Sun Apr  6 12:15:01 AM EEST 2025] No port scan activity detected.
[Sun Apr  6 12:30:01 AM EEST 2025] Checking for port scan activity...
[Sun Apr  6 12:30:01 AM EEST 2025] No port scan activity detected.
[Sun Apr  6 12:45:01 AM EEST 2025] Checking for port scan activity...
[Sun Apr  6 12:45:01 AM EEST 2025] No port scan activity detected.
[Sun Apr  6 01:00:01 AM EEST 2025] Checking for port scan activity...
[Sun Apr  6 01:00:01 AM EEST 2025] No port scan activity detected.
[Sun Apr  6 01:15:01 AM EEST 2025] Checking for port scan activity...
[Sun Apr  6 01:15:01 AM EEST 2025] No port scan activity detected.
[Sun Apr  6 01:30:01 AM EEST 2025] Checking for port scan activity...
[Sun Apr  6 01:30:01 AM EEST 2025] No port scan activity detected.
[Sun Apr  6 01:45:01 AM EEST 2025] Checking for port scan activity...
[Sun Apr  6 01:45:01 AM EEST 2025] No port scan activity detected.
[Sun Apr  6 02:00:01 AM EEST 2025] Checking for port scan activity...
[Sun Apr  6 02:00:01 AM EEST 2025] No port scan activity detected.
[Sun Apr  6 02:15:01 AM EEST 2025] Checking for port scan activity...
[Sun Apr  6 02:15:01 AM EEST 2025] No port scan activity detected.
[Sun Apr  6 02:30:01 AM EEST 2025] Checking for port scan activity...
[Sun Apr  6 02:30:01 AM EEST 2025] No port scan activity detected.
[Sun Apr  6 02:45:01 AM EEST 2025] Checking for port scan activity...
[Sun Apr  6 02:45:01 AM EEST 2025] No port scan activity detected.
[Sun Apr  6 03:00:01 AM EEST 2025] Checking for port scan activity...
[Sun Apr  6 03:00:01 AM EEST 2025] No port scan activity detected.
[Sun Apr  6 03:15:01 AM EEST 2025] Checking for port scan activity...
[Sun Apr  6 03:15:01 AM EEST 2025] No port scan activity detected.
[Sun Apr  6 03:30:01 AM EEST 2025] Checking for port scan activity...
[Sun Apr  6 03:30:01 AM EEST 2025] No port scan activity detected.
[Sun Apr  6 03:45:01 AM EEST 2025] Checking for port scan activity...
[Sun Apr  6 03:45:02 AM EEST 2025] No port scan activity detected.
[Sun Apr  6 04:00:01 AM EEST 2025] Checking for port scan activity...
[Sun Apr  6 04:00:01 AM EEST 2025] No port scan activity detected.
[Sun Apr  6 04:15:01 AM EEST 2025] Checking for port scan activity...
[Sun Apr  6 04:15:02 AM EEST 2025] No port scan activity detected.
[Sun Apr  6 04:30:01 AM EEST 2025] Checking for port scan activity...
[Sun Apr  6 04:30:01 AM EEST 2025] No port scan activity detected.
[Sun Apr  6 04:45:01 AM EEST 2025] Checking for port scan activity...
[Sun Apr  6 04:45:02 AM EEST 2025] No port scan activity detected.
[Sun Apr  6 05:00:01 AM EEST 2025] Checking for port scan activity...
[Sun Apr  6 05:00:02 AM EEST 2025] No port scan activity detected.
[Sun Apr  6 05:15:01 AM EEST 2025] Checking for port scan activity...
[Sun Apr  6 05:15:01 AM EEST 2025] No port scan activity detected.
[Sun Apr  6 05:30:01 AM EEST 2025] Checking for port scan activity...
[Sun Apr  6 05:30:02 AM EEST 2025] No port scan activity detected.
[Sun Apr  6 05:45:01 AM EEST 2025] Checking for port scan activity...
[Sun Apr  6 05:45:01 AM EEST 2025] No port scan activity detected.
[Sun Apr  6 06:00:01 AM EEST 2025] Checking for port scan activity...
[Sun Apr  6 06:00:01 AM EEST 2025] No port scan activity detected.
[Sun Apr  6 06:15:01 AM EEST 2025] Checking for port scan activity...
[Sun Apr  6 06:15:02 AM EEST 2025] No port scan activity detected.
[Sun Apr  6 06:30:01 AM EEST 2025] Checking for port scan activity...
[Sun Apr  6 06:30:01 AM EEST 2025] No port scan activity detected.
[Sun Apr  6 06:45:01 AM EEST 2025] Checking for port scan activity...
[Sun Apr  6 06:45:01 AM EEST 2025] No port scan activity detected.
[Sun Apr  6 07:00:01 AM EEST 2025] Checking for port scan activity...
[Sun Apr  6 07:00:01 AM EEST 2025] No port scan activity detected.
[Sun Apr  6 07:15:01 AM EEST 2025] Checking for port scan activity...
[Sun Apr  6 07:15:01 AM EEST 2025] No port scan activity detected.
[Sun Apr  6 07:30:01 AM EEST 2025] Checking for port scan activity...
[Sun Apr  6 07:30:01 AM EEST 2025] No port scan activity detected.
[Sun Apr  6 07:45:01 AM EEST 2025] Checking for port scan activity...
[Sun Apr  6 07:45:01 AM EEST 2025] No port scan activity detected.
[Sun Apr  6 08:00:02 AM EEST 2025] Checking for port scan activity...
[Sun Apr  6 08:00:02 AM EEST 2025] No port scan activity detected.
[Sun Apr  6 08:15:01 AM EEST 2025] Checking for port scan activity...
[Sun Apr  6 08:15:01 AM EEST 2025] No port scan activity detected.
[Sun Apr  6 08:30:01 AM EEST 2025] Checking for port scan activity...
[Sun Apr  6 08:30:01 AM EEST 2025] No port scan activity detected.
[Sun Apr  6 08:45:01 AM EEST 2025] Checking for port scan activity...
[Sun Apr  6 08:45:01 AM EEST 2025] No port scan activity detected.
[Sun Apr  6 09:00:01 AM EEST 2025] Checking for port scan activity...
[Sun Apr  6 09:00:01 AM EEST 2025] No port scan activity detected.
[Sun Apr  6 09:15:01 AM EEST 2025] Checking for port scan activity...
[Sun Apr  6 09:15:01 AM EEST 2025] No port scan activity detected.
[Sun Apr  6 09:30:01 AM EEST 2025] Checking for port scan activity...
[Sun Apr  6 09:30:01 AM EEST 2025] No port scan activity detected.
[Sun Apr  6 09:45:01 AM EEST 2025] Checking for port scan activity...
[Sun Apr  6 09:45:01 AM EEST 2025] No port scan activity detected.
[Sun Apr  6 10:00:01 AM EEST 2025] Checking for port scan activity...
[Sun Apr  6 10:00:01 AM EEST 2025] No port scan activity detected.
[Sun Apr  6 10:15:01 AM EEST 2025] Checking for port scan activity...
[Sun Apr  6 10:15:01 AM EEST 2025] No port scan activity detected.
[Sun Apr  6 10:30:01 AM EEST 2025] Checking for port scan activity...
[Sun Apr  6 10:30:01 AM EEST 2025] No port scan activity detected.
[Sun Apr  6 10:45:01 AM EEST 2025] Checking for port scan activity...
[Sun Apr  6 10:45:01 AM EEST 2025] No port scan activity detected.
[Sun Apr  6 11:00:01 AM EEST 2025] Checking for port scan activity...
[Sun Apr  6 11:00:01 AM EEST 2025] No port scan activity detected.
[Sun Apr  6 11:15:01 AM EEST 2025] Checking for port scan activity...
[Sun Apr  6 11:15:01 AM EEST 2025] No port scan activity detected.
[Sun Apr  6 11:30:01 AM EEST 2025] Checking for port scan activity...
[Sun Apr  6 11:30:01 AM EEST 2025] No port scan activity detected.
[Sun Apr  6 11:45:01 AM EEST 2025] Checking for port scan activity...
[Sun Apr  6 11:45:01 AM EEST 2025] No port scan activity detected.
[Sun Apr  6 12:00:01 PM EEST 2025] Checking for port scan activity...
[Sun Apr  6 12:00:01 PM EEST 2025] No port scan activity detected.
[Sun Apr  6 12:15:01 PM EEST 2025] Checking for port scan activity...
[Sun Apr  6 12:15:01 PM EEST 2025] No port scan activity detected.
[Sun Apr  6 12:30:01 PM EEST 2025] Checking for port scan activity...
[Sun Apr  6 12:30:01 PM EEST 2025] No port scan activity detected.
[Sun Apr  6 12:45:01 PM EEST 2025] Checking for port scan activity...
[Sun Apr  6 12:45:01 PM EEST 2025] No port scan activity detected.
[Sun Apr  6 01:00:01 PM EEST 2025] Checking for port scan activity...
[Sun Apr  6 01:00:01 PM EEST 2025] No port scan activity detected.
[Sun Apr  6 01:15:01 PM EEST 2025] Checking for port scan activity...
[Sun Apr  6 01:15:01 PM EEST 2025] No port scan activity detected.
[Sun Apr  6 01:30:01 PM EEST 2025] Checking for port scan activity...
[Sun Apr  6 01:30:01 PM EEST 2025] No port scan activity detected.
[Sun Apr  6 01:45:01 PM EEST 2025] Checking for port scan activity...
[Sun Apr  6 01:45:01 PM EEST 2025] No port scan activity detected.
[Sun Apr  6 02:00:01 PM EEST 2025] Checking for port scan activity...
[Sun Apr  6 02:00:01 PM EEST 2025] No port scan activity detected.
[Sun Apr  6 02:15:01 PM EEST 2025] Checking for port scan activity...
[Sun Apr  6 02:15:01 PM EEST 2025] No port scan activity detected.
[Sun Apr  6 02:30:01 PM EEST 2025] Checking for port scan activity...
[Sun Apr  6 02:30:01 PM EEST 2025] No port scan activity detected.
[Sun Apr  6 02:45:01 PM EEST 2025] Checking for port scan activity...
[Sun Apr  6 02:45:01 PM EEST 2025] No port scan activity detected.
[Sun Apr  6 03:00:01 PM EEST 2025] Checking for port scan activity...
[Sun Apr  6 03:00:01 PM EEST 2025] No port scan activity detected.
[Sun Apr  6 03:15:01 PM EEST 2025] Checking for port scan activity...
[Sun Apr  6 03:15:01 PM EEST 2025] No port scan activity detected.
[Sun Apr  6 03:30:01 PM EEST 2025] Checking for port scan activity...
[Sun Apr  6 03:30:01 PM EEST 2025] No port scan activity detected.
[Sun Apr  6 03:45:01 PM EEST 2025] Checking for port scan activity...
[Sun Apr  6 03:45:01 PM EEST 2025] No port scan activity detected.
[Sun Apr  6 04:00:01 PM EEST 2025] Checking for port scan activity...
[Sun Apr  6 04:00:01 PM EEST 2025] No port scan activity detected.
[Sun Apr  6 04:15:01 PM EEST 2025] Checking for port scan activity...
[Sun Apr  6 04:15:01 PM EEST 2025] No port scan activity detected.
[Sun Apr  6 04:30:01 PM EEST 2025] Checking for port scan activity...
[Sun Apr  6 04:30:01 PM EEST 2025] No port scan activity detected.
[Sun Apr  6 04:45:01 PM EEST 2025] Checking for port scan activity...
[Sun Apr  6 04:45:01 PM EEST 2025] No port scan activity detected.
[Sun Apr  6 05:00:01 PM EEST 2025] Checking for port scan activity...
[Sun Apr  6 05:00:02 PM EEST 2025] No port scan activity detected.
[Sun Apr  6 05:15:01 PM EEST 2025] Checking for port scan activity...
[Sun Apr  6 05:15:01 PM EEST 2025] No port scan activity detected.
[Sun Apr  6 05:30:01 PM EEST 2025] Checking for port scan activity...
[Sun Apr  6 05:30:01 PM EEST 2025] No port scan activity detected.
[Sun Apr  6 05:45:01 PM EEST 2025] Checking for port scan activity...
[Sun Apr  6 05:45:01 PM EEST 2025] No port scan activity detected.
[Sun Apr  6 06:00:01 PM EEST 2025] Checking for port scan activity...
[Sun Apr  6 06:00:01 PM EEST 2025] No port scan activity detected.
[Sun Apr  6 06:15:01 PM EEST 2025] Checking for port scan activity...
[Sun Apr  6 06:15:01 PM EEST 2025] No port scan activity detected.
[Sun Apr  6 06:30:01 PM EEST 2025] Checking for port scan activity...
[Sun Apr  6 06:30:01 PM EEST 2025] No port scan activity detected.
[Sun Apr  6 06:45:01 PM EEST 2025] Checking for port scan activity...
[Sun Apr  6 06:45:01 PM EEST 2025] No port scan activity detected.
[Sun Apr  6 07:00:01 PM EEST 2025] Checking for port scan activity...
[Sun Apr  6 07:00:01 PM EEST 2025] No port scan activity detected.
[Sun Apr  6 07:15:01 PM EEST 2025] Checking for port scan activity...
[Sun Apr  6 07:15:01 PM EEST 2025] No port scan activity detected.
[Sun Apr  6 07:30:01 PM EEST 2025] Checking for port scan activity...
[Sun Apr  6 07:30:01 PM EEST 2025] No port scan activity detected.
[Sun Apr  6 07:45:01 PM EEST 2025] Checking for port scan activity...
[Sun Apr  6 07:45:01 PM EEST 2025] No port scan activity detected.
[Sun Apr  6 08:00:01 PM EEST 2025] Checking for port scan activity...
[Sun Apr  6 08:00:01 PM EEST 2025] No port scan activity detected.
[Sun Apr  6 08:15:01 PM EEST 2025] Checking for port scan activity...
[Sun Apr  6 08:15:01 PM EEST 2025] No port scan activity detected.
[Sun Apr  6 08:30:01 PM EEST 2025] Checking for port scan activity...
[Sun Apr  6 08:30:01 PM EEST 2025] No port scan activity detected.
[Sun Apr  6 08:45:01 PM EEST 2025] Checking for port scan activity...
[Sun Apr  6 08:45:01 PM EEST 2025] No port scan activity detected.
[Sun Apr  6 09:00:01 PM EEST 2025] Checking for port scan activity...
[Sun Apr  6 09:00:01 PM EEST 2025] No port scan activity detected.
[Sun Apr  6 09:15:01 PM EEST 2025] Checking for port scan activity...
[Sun Apr  6 09:15:01 PM EEST 2025] No port scan activity detected.
[Sun Apr  6 09:30:01 PM EEST 2025] Checking for port scan activity...
[Sun Apr  6 09:30:01 PM EEST 2025] No port scan activity detected.
[Sun Apr  6 09:45:01 PM EEST 2025] Checking for port scan activity...
[Sun Apr  6 09:45:01 PM EEST 2025] No port scan activity detected.
[Sun Apr  6 10:00:01 PM EEST 2025] Checking for port scan activity...
[Sun Apr  6 10:00:01 PM EEST 2025] No port scan activity detected.
